2014-08-03 16:38:58	 REMOTE:180.106.70.221:8325
GET / HTTP/1.1
Host: www.82flex.com:8383
Connection: keep-alive
Accept: text/html,application/xhtml+xml,application/xml;q=0.9,image/webp,*/*;q=0.8
User-Agent: Mozilla/5.0 (Macintosh; Intel Mac OS X 10_10_0) AppleWebKit/537.36 (KHTML, like Gecko) Chrome/35.0.1916.153 Safari/537.36
Accept-Encoding: gzip,deflate,sdch
Accept-Language: zh-CN,zh;q=0.8

2014-08-03 16:38:59	 REMOTE:180.106.70.221:8326
GET /css/main.css HTTP/1.1
Host: www.82flex.com:8383
Connection: keep-alive
Accept: text/css,*/*;q=0.1
User-Agent: Mozilla/5.0 (Macintosh; Intel Mac OS X 10_10_0) AppleWebKit/537.36 (KHTML, like Gecko) Chrome/35.0.1916.153 Safari/537.36
Referer: http://www.82flex.com:8383/
Accept-Encoding: gzip,deflate,sdch
Accept-Language: zh-CN,zh;q=0.8

2014-08-03 16:38:59	 REMOTE:180.106.70.221:8327
GET /js/lib/parseUri.js HTTP/1.1
Host: www.82flex.com:8383
Connection: keep-alive
Accept: */*
User-Agent: Mozilla/5.0 (Macintosh; Intel Mac OS X 10_10_0) AppleWebKit/537.36 (KHTML, like Gecko) Chrome/35.0.1916.153 Safari/537.36
Referer: http://www.82flex.com:8383/
Accept-Encoding: gzip,deflate,sdch
Accept-Language: zh-CN,zh;q=0.8

2014-08-03 16:38:59	 REMOTE:180.106.70.221:8328
GET /js/lib/modernizr-1.5.min.js HTTP/1.1
Host: www.82flex.com:8383
Connection: keep-alive
Accept: */*
User-Agent: Mozilla/5.0 (Macintosh; Intel Mac OS X 10_10_0) AppleWebKit/537.36 (KHTML, like Gecko) Chrome/35.0.1916.153 Safari/537.36
Referer: http://www.82flex.com:8383/
Accept-Encoding: gzip,deflate,sdch
Accept-Language: zh-CN,zh;q=0.8

2014-08-03 16:38:59	 REMOTE:180.106.70.221:8329
GET /js/jquery.min.js HTTP/1.1
Host: www.82flex.com:8383
Connection: keep-alive
Accept: */*
User-Agent: Mozilla/5.0 (Macintosh; Intel Mac OS X 10_10_0) AppleWebKit/537.36 (KHTML, like Gecko) Chrome/35.0.1916.153 Safari/537.36
Referer: http://www.82flex.com:8383/
Accept-Encoding: gzip,deflate,sdch
Accept-Language: zh-CN,zh;q=0.8

2014-08-03 16:38:59	 REMOTE:180.106.70.221:8330
GET /js/lib/Stats.js HTTP/1.1
Host: www.82flex.com:8383
Connection: keep-alive
Accept: */*
User-Agent: Mozilla/5.0 (Macintosh; Intel Mac OS X 10_10_0) AppleWebKit/537.36 (KHTML, like Gecko) Chrome/35.0.1916.153 Safari/537.36
Referer: http://www.82flex.com:8383/
Accept-Encoding: gzip,deflate,sdch
Accept-Language: zh-CN,zh;q=0.8

2014-08-03 16:38:59	 REMOTE:180.106.70.221:8331
GET /js/App.js HTTP/1.1
Host: www.82flex.com:8383
Connection: keep-alive
Accept: */*
User-Agent: Mozilla/5.0 (Macintosh; Intel Mac OS X 10_10_0) AppleWebKit/537.36 (KHTML, like Gecko) Chrome/35.0.1916.153 Safari/537.36
Referer: http://www.82flex.com:8383/
Accept-Encoding: gzip,deflate,sdch
Accept-Language: zh-CN,zh;q=0.8

2014-08-03 16:38:59	 REMOTE:180.106.70.221:8332
GET /js/Settings.js HTTP/1.1
Host: www.82flex.com:8383
Connection: keep-alive
Accept: */*
User-Agent: Mozilla/5.0 (Macintosh; Intel Mac OS X 10_10_0) AppleWebKit/537.36 (KHTML, like Gecko) Chrome/35.0.1916.153 Safari/537.36
Referer: http://www.82flex.com:8383/
Accept-Encoding: gzip,deflate,sdch
Accept-Language: zh-CN,zh;q=0.8

2014-08-03 16:38:59	 REMOTE:180.106.70.221:8334
GET /js/Keys.js HTTP/1.1
Host: www.82flex.com:8383
Connection: keep-alive
Accept: */*
User-Agent: Mozilla/5.0 (Macintosh; Intel Mac OS X 10_10_0) AppleWebKit/537.36 (KHTML, like Gecko) Chrome/35.0.1916.153 Safari/537.36
Referer: http://www.82flex.com:8383/
Accept-Encoding: gzip,deflate,sdch
Accept-Language: zh-CN,zh;q=0.8

2014-08-03 16:38:59	 REMOTE:180.106.70.221:8333
GET /js/WebSocketService.js HTTP/1.1
Host: www.82flex.com:8383
Connection: keep-alive
Accept: */*
User-Agent: Mozilla/5.0 (Macintosh; Intel Mac OS X 10_10_0) AppleWebKit/537.36 (KHTML, like Gecko) Chrome/35.0.1916.153 Safari/537.36
Referer: http://www.82flex.com:8383/
Accept-Encoding: gzip,deflate,sdch
Accept-Language: zh-CN,zh;q=0.8

2014-08-03 16:38:59	 REMOTE:180.106.70.221:8335
GET /js/Camera.js HTTP/1.1
Host: www.82flex.com:8383
Connection: keep-alive
Accept: */*
User-Agent: Mozilla/5.0 (Macintosh; Intel Mac OS X 10_10_0) AppleWebKit/537.36 (KHTML, like Gecko) Chrome/35.0.1916.153 Safari/537.36
Referer: http://www.82flex.com:8383/
Accept-Encoding: gzip,deflate,sdch
Accept-Language: zh-CN,zh;q=0.8

2014-08-03 16:38:59	 REMOTE:180.106.70.221:8336
GET /js/Tadpole.js HTTP/1.1
Host: www.82flex.com:8383
Connection: keep-alive
Accept: */*
User-Agent: Mozilla/5.0 (Macintosh; Intel Mac OS X 10_10_0) AppleWebKit/537.36 (KHTML, like Gecko) Chrome/35.0.1916.153 Safari/537.36
Referer: http://www.82flex.com:8383/
Accept-Encoding: gzip,deflate,sdch
Accept-Language: zh-CN,zh;q=0.8

2014-08-03 16:38:59	 REMOTE:180.106.70.221:8337
GET /js/TadpoleTail.js HTTP/1.1
Host: www.82flex.com:8383
Connection: keep-alive
Accept: */*
User-Agent: Mozilla/5.0 (Macintosh; Intel Mac OS X 10_10_0) AppleWebKit/537.36 (KHTML, like Gecko) Chrome/35.0.1916.153 Safari/537.36
Referer: http://www.82flex.com:8383/
Accept-Encoding: gzip,deflate,sdch
Accept-Language: zh-CN,zh;q=0.8

2014-08-03 16:38:59	 REMOTE:180.106.70.221:8339
GET /js/Message.js HTTP/1.1
Host: www.82flex.com:8383
Connection: keep-alive
Accept: */*
User-Agent: Mozilla/5.0 (Macintosh; Intel Mac OS X 10_10_0) AppleWebKit/537.36 (KHTML, like Gecko) Chrome/35.0.1916.153 Safari/537.36
Referer: http://www.82flex.com:8383/
Accept-Encoding: gzip,deflate,sdch
Accept-Language: zh-CN,zh;q=0.8

2014-08-03 16:38:59	 REMOTE:180.106.70.221:8338
GET /js/WaterParticle.js HTTP/1.1
Host: www.82flex.com:8383
Connection: keep-alive
Accept: */*
User-Agent: Mozilla/5.0 (Macintosh; Intel Mac OS X 10_10_0) AppleWebKit/537.36 (KHTML, like Gecko) Chrome/35.0.1916.153 Safari/537.36
Referer: http://www.82flex.com:8383/
Accept-Encoding: gzip,deflate,sdch
Accept-Language: zh-CN,zh;q=0.8

2014-08-03 16:38:59	 REMOTE:180.106.70.221:8340
GET /js/Arrow.js HTTP/1.1
Host: www.82flex.com:8383
Connection: keep-alive
Accept: */*
User-Agent: Mozilla/5.0 (Macintosh; Intel Mac OS X 10_10_0) AppleWebKit/537.36 (KHTML, like Gecko) Chrome/35.0.1916.153 Safari/537.36
Referer: http://www.82flex.com:8383/
Accept-Encoding: gzip,deflate,sdch
Accept-Language: zh-CN,zh;q=0.8

2014-08-03 16:38:59	 REMOTE:180.106.70.221:8341
GET /js/formControls.js HTTP/1.1
Host: www.82flex.com:8383
Connection: keep-alive
Accept: */*
User-Agent: Mozilla/5.0 (Macintosh; Intel Mac OS X 10_10_0) AppleWebKit/537.36 (KHTML, like Gecko) Chrome/35.0.1916.153 Safari/537.36
Referer: http://www.82flex.com:8383/
Accept-Encoding: gzip,deflate,sdch
Accept-Language: zh-CN,zh;q=0.8

2014-08-03 16:38:59	 REMOTE:180.106.70.221:8342
GET /js/Cookie.js HTTP/1.1
Host: www.82flex.com:8383
Connection: keep-alive
Accept: */*
User-Agent: Mozilla/5.0 (Macintosh; Intel Mac OS X 10_10_0) AppleWebKit/537.36 (KHTML, like Gecko) Chrome/35.0.1916.153 Safari/537.36
Referer: http://www.82flex.com:8383/
Accept-Encoding: gzip,deflate,sdch
Accept-Language: zh-CN,zh;q=0.8

2014-08-03 16:38:59	 REMOTE:180.106.70.221:8343
GET /js/main.js HTTP/1.1
Host: www.82flex.com:8383
Connection: keep-alive
Accept: */*
User-Agent: Mozilla/5.0 (Macintosh; Intel Mac OS X 10_10_0) AppleWebKit/537.36 (KHTML, like Gecko) Chrome/35.0.1916.153 Safari/537.36
Referer: http://www.82flex.com:8383/
Accept-Encoding: gzip,deflate,sdch
Accept-Language: zh-CN,zh;q=0.8

2014-08-03 16:38:59	 REMOTE:180.106.70.221:8345
GET /css/images/logo.png HTTP/1.1
Host: www.82flex.com:8383
Connection: keep-alive
Accept: image/webp,*/*;q=0.8
User-Agent: Mozilla/5.0 (Macintosh; Intel Mac OS X 10_10_0) AppleWebKit/537.36 (KHTML, like Gecko) Chrome/35.0.1916.153 Safari/537.36
Referer: http://www.82flex.com:8383/
Accept-Encoding: gzip,deflate,sdch
Accept-Language: zh-CN,zh;q=0.8

2014-08-03 16:38:59	 REMOTE:180.106.70.221:8344
GET /js/Model.js HTTP/1.1
Host: www.82flex.com:8383
Connection: keep-alive
Accept: */*
User-Agent: Mozilla/5.0 (Macintosh; Intel Mac OS X 10_10_0) AppleWebKit/537.36 (KHTML, like Gecko) Chrome/35.0.1916.153 Safari/537.36
Referer: http://www.82flex.com:8383/
Accept-Encoding: gzip,deflate,sdch
Accept-Language: zh-CN,zh;q=0.8

2014-08-03 16:38:59	 REMOTE:180.106.70.221:8346
GET /css/images/github.png HTTP/1.1
Host: www.82flex.com:8383
Connection: keep-alive
Accept: image/webp,*/*;q=0.8
User-Agent: Mozilla/5.0 (Macintosh; Intel Mac OS X 10_10_0) AppleWebKit/537.36 (KHTML, like Gecko) Chrome/35.0.1916.153 Safari/537.36
Referer: http://www.82flex.com:8383/
Accept-Encoding: gzip,deflate,sdch
Accept-Language: zh-CN,zh;q=0.8

2014-08-03 16:39:00	 REMOTE:180.106.70.221:8348
GET /favicon.ico HTTP/1.1
Host: www.82flex.com:8383
Connection: keep-alive
Accept: */*
User-Agent: Mozilla/5.0 (Macintosh; Intel Mac OS X 10_10_0) AppleWebKit/537.36 (KHTML, like Gecko) Chrome/35.0.1916.153 Safari/537.36
Accept-Encoding: gzip,deflate,sdch
Accept-Language: zh-CN,zh;q=0.8

