2014-08-03 15:47:11 Server:Workerman is starting ...
2014-08-03 15:47:11 Server:Function stream_socket_server may be disabled	Please check disable_functions in php.ini 	 Workerman start fail
2014-08-03 15:48:25 Server:Workerman is starting ...
2014-08-03 15:48:25 Server:Function stream_socket_server may be disabled	Please check disable_functions in php.ini 	 Workerman start fail
2014-08-03 15:51:42 Server:Workerman is starting ...
2014-08-03 15:51:42 Server:[1A
[KWorkerman start success ...[0m
2014-08-03 15:52:42 Worker[Monitor]:can not get master status
2014-08-03 15:53:07 Worker[WebServer]:CLIENT_CLOSE
CLIENT_IP:42.225.72.91
BUFFER:['GET /atlas0.png HTTP/1.1
Host: 82flex.com:8484
Referer: http://82flex.com:8484/
Accept-Encoding: gzip, deflate
Accept: */*
Accept-Language: zh-cn
Connection: keep-alive
User-Agent: Mozilla/5.0 (iPhone; CPU iPhone OS 7_1_1 like Mac OS X) AppleWebKit/537.51.2 (KHTML, like Gecko) Mobile/11D201 QQ/5.0.0.158

']

2014-08-03 15:53:42 Worker[Monitor]:can not get master status
2014-08-03 15:54:42 Worker[Monitor]:can not get master status
2014-08-03 15:55:42 Worker[Monitor]:can not get master status
2014-08-03 15:56:42 Worker[Monitor]:can not get master status
2014-08-03 15:57:42 Worker[Monitor]:can not get master status
2014-08-03 15:58:39 Worker[WebServer]:CLIENT_CLOSE
CLIENT_IP:221.196.233.208
BUFFER:['GET /atlas0.png HTTP/1.0
Host: 82flex.com:8484
Connection: Keep-Alive
Accept: image/webp,*/*;q=0.8
User-Agent: Mozilla/5.0 (Windows NT 6.3; WOW64) AppleWebKit/537.36 (KHTML, like Gecko) Chrome/34.0.1847.137 Safari/537.36 LBBROWSER
Referer: http://82flex.com:8484/
Accept-Language: zh-CN,zh;q=0.8

']

2014-08-03 15:58:42 Worker[Monitor]:can not get master status
2014-08-03 15:59:42 Worker[Monitor]:can not get master status
2014-08-03 16:00:42 Worker[Monitor]:can not get master status
2014-08-03 16:01:42 Worker[Monitor]:can not get master status
2014-08-03 16:02:42 Worker[Monitor]:can not get master status
2014-08-03 16:03:42 Worker[Monitor]:can not get master status
2014-08-03 16:04:42 Worker[Monitor]:can not get master status
2014-08-03 16:05:42 Worker[Monitor]:can not get master status
2014-08-03 16:06:42 Worker[Monitor]:can not get master status
2014-08-03 16:07:42 Worker[Monitor]:can not get master status
2014-08-03 16:08:42 Worker[Monitor]:can not get master status
2014-08-03 16:09:07 Server:Workerman is starting ...
2014-08-03 16:09:07 Server:[33;40mWorkerman already started[0m
2014-08-03 16:09:25 Server:Workerman is shutting down
2014-08-03 16:09:26 Server:Workerman stoped
2014-08-03 16:09:52 Server:Workerman is starting ...
2014-08-03 16:09:52 Server:[1A
[KWorkerman start success ...[0m
2014-08-03 16:09:52 Worker[Gateway]:exception 'Exception' with message 'sendToClient fail $this->connections[$this->currentDealFd] is null' in /home/wwwroot/82flex.com/workerman-flappy-bird/workerman/Core/SocketWorker.php:545
Stack trace:
#0 /home/wwwroot/82flex.com/workerman-flappy-bird/applications/Flappybird/Bootstrap/Gateway.php(518): Man\Core\SocketWorker->sendToClient('??????u@???)??...')
#1 /home/wwwroot/82flex.com/workerman-flappy-bird/applications/Flappybird/Bootstrap/Gateway.php(508): Gateway->sendBufferToWorker('??????u@???)??...')
#2 /home/wwwroot/82flex.com/workerman-flappy-bird/applications/Flappybird/Bootstrap/Gateway.php(97): Gateway->sendToWorker(1, 41, 'GET / HTTP/1.1?...')
#3 /home/wwwroot/82flex.com/workerman-flappy-bird/workerman/Core/SocketWorker.php(380): Gateway->dealProcess('GET / HTTP/1.1?...')
#4 [internal function]: Man\Core\SocketWorker->dealInputBase(Resource id #41, 1, 41)
#5 /home/wwwroot/82flex.com/workerman-flappy-bird/workerman/Core/Events/Select.php(190): call_user_func_array(Array, Array)
#6 /home/wwwroot/82flex.com/workerman-flappy-bird/applications/Flappybird/Bootstrap/Gateway.php(175): Man\Core\Events\Select->loop()
#7 /home/wwwroot/82flex.com/workerman-flappy-bird/workerman/Core/Master.php(432): Gateway->start()
#8 /home/wwwroot/82flex.com/workerman-flappy-bird/workerman/Core/Master.php(346): Man\Core\Master::createOneWorker('Gateway')
#9 /home/wwwroot/82flex.com/workerman-flappy-bird/workerman/Core/Master.php(170): Man\Core\Master::spawnWorkers()
#10 /home/wwwroot/82flex.com/workerman-flappy-bird/workerman/bin/workermand(94): Man\Core\Master::run('')
#11 {main} ip:
2014-08-03 16:10:52 Worker[Monitor]:can not get master status
2014-08-03 16:11:52 Worker[Monitor]:can not get master status
2014-08-03 16:12:52 Worker[Monitor]:can not get master status
2014-08-03 16:13:52 Worker[Monitor]:can not get master status
2014-08-03 16:14:52 Worker[Monitor]:can not get master status
2014-08-03 16:15:52 Worker[Monitor]:can not get master status
2014-08-03 16:16:52 Worker[Monitor]:can not get master status
2014-08-03 16:17:52 Worker[Monitor]:can not get master status
2014-08-03 16:18:52 Worker[Monitor]:can not get master status
2014-08-03 16:19:52 Worker[Monitor]:can not get master status
2014-08-03 16:20:52 Worker[Monitor]:can not get master status
2014-08-03 16:21:52 Worker[Monitor]:can not get master status
2014-08-03 16:22:52 Worker[Monitor]:can not get master status
2014-08-03 16:23:52 Worker[Monitor]:can not get master status
2014-08-03 16:24:52 Worker[Monitor]:can not get master status
2014-08-03 16:25:52 Worker[Monitor]:can not get master status
2014-08-03 16:26:52 Worker[Monitor]:can not get master status
2014-08-03 16:26:55 Worker[WebServer]:CLIENT_CLOSE
CLIENT_IP:123.88.112.174
BUFFER:['GET /atlas0.png HTTP/1.1
Host: 82flex.com:8484
Referer: http://82flex.com:8484/
Accept-Encoding: gzip, deflate
Accept: */*
Accept-Language: zh-cn
Connection: keep-alive
User-Agent: Mozilla/5.0 (iPhone; CPU iPhone OS 7_1 like Mac OS X) AppleWebKit/537.51.2 (KHTML, like Gecko) Mobile/11D167 QQ/4.7.2.243

']

2014-08-03 16:27:52 Worker[Monitor]:can not get master status
2014-08-03 16:28:52 Worker[Monitor]:can not get master status
2014-08-03 16:29:52 Worker[Monitor]:can not get master status
2014-08-03 16:30:52 Worker[Monitor]:can not get master status
2014-08-03 16:31:06 Worker[WebServer]:CLIENT_CLOSE
CLIENT_IP:120.39.115.154
BUFFER:['GET /atlas0.png HTTP/1.1
Host: 82flex.com:8484
Referer: http://82flex.com:8484/
Accept-Encoding: gzip, deflate
Accept: */*
Accept-Language: zh-cn
Connection: keep-alive
User-Agent: Mozilla/5.0 (iPhone; CPU iPhone OS 7_0_4 like Mac OS X) AppleWebKit/537.51.1 (KHTML, like Gecko) Mobile/11B554a QQ/5.0.0.158

']

2014-08-03 16:31:21 Worker[WebServer]:CLIENT_CLOSE
CLIENT_IP:120.39.115.154
BUFFER:['GET /atlas0.png HTTP/1.1
Host: 82flex.com:8484
Referer: http://82flex.com:8484/
Accept-Encoding: gzip, deflate
Accept: */*
Accept-Language: zh-cn
Connection: keep-alive
User-Agent: Mozilla/5.0 (iPhone; CPU iPhone OS 7_0_4 like Mac OS X) AppleWebKit/537.51.1 (KHTML, like Gecko) Mobile/11B554a QQ/5.0.0.158

']

2014-08-03 16:31:52 Worker[Monitor]:can not get master status
2014-08-03 16:32:52 Worker[Monitor]:can not get master status
2014-08-03 16:33:23 Worker[WebServer]:CLIENT_CLOSE
CLIENT_IP:60.180.43.114
BUFFER:['GET /atlas0.png HTTP/1.1
Host: 82flex.com:8484
Referer: http://82flex.com:8484/
Accept-Encoding: gzip, deflate
Accept: */*
Accept-Language: zh-cn
Connection: keep-alive
User-Agent: Mozilla/5.0 (iPhone; CPU iPhone OS 7_1_1 like Mac OS X) AppleWebKit/537.51.2 (KHTML, like Gecko) Mobile/11D201 QQ/5.0.0.158

']

2014-08-03 16:33:52 Worker[Monitor]:can not get master status
2014-08-03 16:34:46 Worker[WebServer]:CLIENT_CLOSE
CLIENT_IP:60.180.43.114
BUFFER:['GET /atlas0.png HTTP/1.1
Host: 82flex.com:8484
Referer: http://82flex.com:8484/
Accept-Encoding: gzip, deflate
Accept: */*
Accept-Language: zh-cn
Connection: keep-alive
User-Agent: Mozilla/5.0 (iPhone; CPU iPhone OS 7_1_1 like Mac OS X) AppleWebKit/537.51.2 (KHTML, like Gecko) Mobile/11D201 QQ/5.0.0.158

']

2014-08-03 16:34:52 Worker[Monitor]:can not get master status
2014-08-03 16:35:52 Worker[Monitor]:can not get master status
2014-08-03 16:36:52 Worker[Monitor]:can not get master status
2014-08-03 16:37:52 Worker[Monitor]:can not get master status
2014-08-03 16:38:52 Worker[Monitor]:can not get master status
2014-08-03 16:39:52 Worker[Monitor]:can not get master status
2014-08-03 16:40:52 Worker[Monitor]:can not get master status
2014-08-03 16:41:52 Worker[Monitor]:can not get master status
2014-08-03 16:42:52 Worker[Monitor]:can not get master status
2014-08-03 16:43:52 Worker[Monitor]:can not get master status
2014-08-03 16:44:52 Worker[Monitor]:can not get master status
2014-08-03 16:45:52 Worker[Monitor]:can not get master status
2014-08-03 16:46:52 Worker[Monitor]:can not get master status
2014-08-03 16:47:52 Worker[Monitor]:can not get master status
2014-08-03 16:48:52 Worker[Monitor]:can not get master status
2014-08-03 16:49:52 Worker[Monitor]:can not get master status
2014-08-03 16:50:52 Worker[Monitor]:can not get master status
2014-08-03 16:51:52 Worker[Monitor]:can not get master status
2014-08-03 16:52:52 Worker[Monitor]:can not get master status
2014-08-03 16:53:52 Worker[Monitor]:can not get master status
2014-08-03 16:54:06 Worker[WebServer]:CLIENT_CLOSE
CLIENT_IP:59.34.49.102
BUFFER:['GET /atlas0.png HTTP/1.1
Host: 82flex.com:8484
Referer: http://82flex.com:8484/
Accept-Encoding: gzip, deflate
Accept: */*
Accept-Language: zh-cn
Connection: keep-alive
User-Agent: Mozilla/5.0 (iPhone; CPU iPhone OS 7_1_1 like Mac OS X) AppleWebKit/537.51.2 (KHTML, like Gecko) Mobile/11D201 QQ/5.0.0.158

']

2014-08-03 16:54:32 Worker[WebServer]:CLIENT_CLOSE
CLIENT_IP:183.57.20.86
BUFFER:['GET /atlas0.png HTTP/1.1
Host: 82flex.com:8484
Referer: http://82flex.com:8484/
Accept-Encoding: gzip, deflate
Accept: */*
Accept-Language: zh-cn
Connection: keep-alive
User-Agent: Mozilla/5.0 (iPhone; CPU iPhone OS 7_1_2 like Mac OS X) AppleWebKit/537.51.2 (KHTML, like Gecko) Mobile/11D257 QQ/5.0.0.158

']

2014-08-03 16:54:52 Worker[Monitor]:can not get master status
2014-08-03 16:55:52 Worker[Monitor]:can not get master status
2014-08-03 16:56:08 Worker[WebServer]:CLIENT_CLOSE
CLIENT_IP:27.155.100.98
BUFFER:['GET /atlas0.png HTTP/1.1
Host: 82flex.com:8484
Referer: http://82flex.com:8484/
Accept-Encoding: gzip, deflate
Accept: */*
Accept-Language: zh-cn
Connection: keep-alive
User-Agent: Mozilla/5.0 (iPhone; CPU iPhone OS 7_1_2 like Mac OS X) AppleWebKit/537.51.2 (KHTML, like Gecko) Mobile/11D257 QQ/5.0.0.158

']

2014-08-03 16:56:52 Worker[Monitor]:can not get master status
2014-08-03 16:57:52 Worker[Monitor]:can not get master status
2014-08-03 16:58:52 Worker[Monitor]:can not get master status
2014-08-03 16:59:52 Worker[Monitor]:can not get master status
2014-08-03 17:00:52 Worker[Monitor]:can not get master status
2014-08-03 17:01:52 Worker[Monitor]:can not get master status
2014-08-03 17:02:52 Worker[Monitor]:can not get master status
2014-08-03 17:03:52 Worker[Monitor]:can not get master status
2014-08-03 17:04:52 Worker[Monitor]:can not get master status
2014-08-03 17:05:52 Worker[Monitor]:can not get master status
2014-08-03 17:06:52 Worker[Monitor]:can not get master status
2014-08-03 17:07:52 Worker[Monitor]:can not get master status
2014-08-03 17:08:52 Worker[Monitor]:can not get master status
2014-08-03 17:09:52 Worker[Monitor]:can not get master status
2014-08-03 17:10:52 Worker[Monitor]:can not get master status
2014-08-03 17:11:52 Worker[Monitor]:can not get master status
2014-08-03 17:12:52 Worker[Monitor]:can not get master status
2014-08-03 17:13:52 Worker[Monitor]:can not get master status
2014-08-03 17:14:52 Worker[Monitor]:can not get master status
2014-08-03 17:15:52 Worker[Monitor]:can not get master status
2014-08-03 17:16:52 Worker[Monitor]:can not get master status
2014-08-03 17:17:52 Worker[Monitor]:can not get master status
2014-08-03 17:18:52 Worker[Monitor]:can not get master status
2014-08-03 17:19:52 Worker[Monitor]:can not get master status
2014-08-03 17:20:52 Worker[Monitor]:can not get master status
2014-08-03 17:21:52 Worker[Monitor]:can not get master status
2014-08-03 17:22:52 Worker[Monitor]:can not get master status
2014-08-03 17:23:52 Worker[Monitor]:can not get master status
2014-08-03 17:24:52 Worker[Monitor]:can not get master status
2014-08-03 17:25:52 Worker[Monitor]:can not get master status
2014-08-03 17:26:52 Worker[Monitor]:can not get master status
2014-08-03 17:27:52 Worker[Monitor]:can not get master status
2014-08-03 17:28:52 Worker[Monitor]:can not get master status
2014-08-03 17:29:52 Worker[Monitor]:can not get master status
2014-08-03 17:30:52 Worker[Monitor]:can not get master status
2014-08-03 17:31:52 Worker[Monitor]:can not get master status
2014-08-03 17:32:52 Worker[Monitor]:can not get master status
2014-08-03 17:33:52 Worker[Monitor]:can not get master status
2014-08-03 17:34:52 Worker[Monitor]:can not get master status
2014-08-03 17:35:52 Worker[Monitor]:can not get master status
2014-08-03 17:36:52 Worker[Monitor]:can not get master status
2014-08-03 17:37:52 Worker[Monitor]:can not get master status
2014-08-03 17:38:52 Worker[Monitor]:can not get master status
2014-08-03 17:39:52 Worker[Monitor]:can not get master status
2014-08-03 17:40:52 Worker[Monitor]:can not get master status
2014-08-03 17:41:52 Worker[Monitor]:can not get master status
2014-08-03 17:42:52 Worker[Monitor]:can not get master status
2014-08-03 17:43:52 Worker[Monitor]:can not get master status
2014-08-03 17:44:52 Worker[Monitor]:can not get master status
2014-08-03 17:45:52 Worker[Monitor]:can not get master status
2014-08-03 17:46:52 Worker[Monitor]:can not get master status
2014-08-03 17:47:52 Worker[Monitor]:can not get master status
2014-08-03 17:48:52 Worker[Monitor]:can not get master status
2014-08-03 17:49:52 Worker[Monitor]:can not get master status
2014-08-03 17:50:52 Worker[Monitor]:can not get master status
2014-08-03 17:51:52 Worker[Monitor]:can not get master status
2014-08-03 17:52:52 Worker[Monitor]:can not get master status
2014-08-03 17:53:52 Worker[Monitor]:can not get master status
2014-08-03 17:54:52 Worker[Monitor]:can not get master status
2014-08-03 17:55:52 Worker[Monitor]:can not get master status
2014-08-03 17:56:52 Worker[Monitor]:can not get master status
2014-08-03 17:57:52 Worker[Monitor]:can not get master status
2014-08-03 17:58:52 Worker[Monitor]:can not get master status
2014-08-03 17:59:52 Worker[Monitor]:can not get master status
2014-08-03 18:00:52 Worker[Monitor]:can not get master status
2014-08-03 18:01:52 Worker[Monitor]:can not get master status
2014-08-03 18:02:52 Worker[Monitor]:can not get master status
2014-08-03 18:03:52 Worker[Monitor]:can not get master status
2014-08-03 18:04:52 Worker[Monitor]:can not get master status
2014-08-03 18:05:52 Worker[Monitor]:can not get master status
2014-08-03 18:06:52 Worker[Monitor]:can not get master status
2014-08-03 18:07:52 Worker[Monitor]:can not get master status
2014-08-03 18:08:52 Worker[Monitor]:can not get master status
2014-08-03 18:09:52 Worker[Monitor]:can not get master status
2014-08-03 18:10:52 Worker[Monitor]:can not get master status
2014-08-03 18:11:52 Worker[Monitor]:can not get master status
2014-08-03 18:12:52 Worker[Monitor]:can not get master status
2014-08-03 18:13:52 Worker[Monitor]:can not get master status
2014-08-03 18:14:52 Worker[Monitor]:can not get master status
2014-08-03 18:15:52 Worker[Monitor]:can not get master status
2014-08-03 18:16:52 Worker[Monitor]:can not get master status
2014-08-03 18:17:52 Worker[Monitor]:can not get master status
2014-08-03 18:18:52 Worker[Monitor]:can not get master status
2014-08-03 18:19:52 Worker[Monitor]:can not get master status
2014-08-03 18:20:52 Worker[Monitor]:can not get master status
2014-08-03 18:21:52 Worker[Monitor]:can not get master status
2014-08-03 18:22:52 Worker[Monitor]:can not get master status
2014-08-03 18:23:52 Worker[Monitor]:can not get master status
2014-08-03 18:24:52 Worker[Monitor]:can not get master status
2014-08-03 18:25:52 Worker[Monitor]:can not get master status
2014-08-03 18:26:52 Worker[Monitor]:can not get master status
2014-08-03 18:27:52 Worker[Monitor]:can not get master status
2014-08-03 18:28:52 Worker[Monitor]:can not get master status
2014-08-03 18:29:52 Worker[Monitor]:can not get master status
2014-08-03 18:30:52 Worker[Monitor]:can not get master status
2014-08-03 18:31:52 Worker[Monitor]:can not get master status
2014-08-03 18:32:52 Worker[Monitor]:can not get master status
2014-08-03 18:33:52 Worker[Monitor]:can not get master status
2014-08-03 18:34:52 Worker[Monitor]:can not get master status
2014-08-03 18:35:52 Worker[Monitor]:can not get master status
2014-08-03 18:36:52 Worker[Monitor]:can not get master status
2014-08-03 18:37:52 Worker[Monitor]:can not get master status
2014-08-03 18:38:52 Worker[Monitor]:can not get master status
2014-08-03 18:39:52 Worker[Monitor]:can not get master status
2014-08-03 18:40:52 Worker[Monitor]:can not get master status
2014-08-03 18:41:52 Worker[Monitor]:can not get master status
2014-08-03 18:42:52 Worker[Monitor]:can not get master status
2014-08-03 18:43:52 Worker[Monitor]:can not get master status
2014-08-03 18:44:52 Worker[Monitor]:can not get master status
2014-08-03 18:45:52 Worker[Monitor]:can not get master status
2014-08-03 18:46:52 Worker[Monitor]:can not get master status
2014-08-03 18:47:52 Worker[Monitor]:can not get master status
2014-08-03 18:48:52 Worker[Monitor]:can not get master status
2014-08-03 18:49:52 Worker[Monitor]:can not get master status
2014-08-03 18:50:52 Worker[Monitor]:can not get master status
2014-08-03 18:51:52 Worker[Monitor]:can not get master status
2014-08-03 18:52:52 Worker[Monitor]:can not get master status
2014-08-03 18:53:52 Worker[Monitor]:can not get master status
2014-08-03 18:54:52 Worker[Monitor]:can not get master status
2014-08-03 18:55:52 Worker[Monitor]:can not get master status
2014-08-03 18:56:52 Worker[Monitor]:can not get master status
2014-08-03 18:57:52 Worker[Monitor]:can not get master status
2014-08-03 18:58:52 Worker[Monitor]:can not get master status
2014-08-03 18:59:52 Worker[Monitor]:can not get master status
2014-08-03 19:00:52 Worker[Monitor]:can not get master status
2014-08-03 19:01:52 Worker[Monitor]:can not get master status
2014-08-03 19:02:52 Worker[Monitor]:can not get master status
2014-08-03 19:03:52 Worker[Monitor]:can not get master status
2014-08-03 19:04:52 Worker[Monitor]:can not get master status
2014-08-03 19:05:52 Worker[Monitor]:can not get master status
2014-08-03 19:06:52 Worker[Monitor]:can not get master status
2014-08-03 19:07:52 Worker[Monitor]:can not get master status
2014-08-03 19:08:52 Worker[Monitor]:can not get master status
2014-08-03 19:09:52 Worker[Monitor]:can not get master status
2014-08-03 19:10:52 Worker[Monitor]:can not get master status
2014-08-03 19:11:52 Worker[Monitor]:can not get master status
2014-08-03 19:12:52 Worker[Monitor]:can not get master status
2014-08-03 19:13:52 Worker[Monitor]:can not get master status
2014-08-03 19:14:52 Worker[Monitor]:can not get master status
2014-08-03 19:15:52 Worker[Monitor]:can not get master status
2014-08-03 19:16:52 Worker[Monitor]:can not get master status
2014-08-03 19:17:52 Worker[Monitor]:can not get master status
2014-08-03 19:18:52 Worker[Monitor]:can not get master status
2014-08-03 19:19:52 Worker[Monitor]:can not get master status
2014-08-03 19:20:52 Worker[Monitor]:can not get master status
2014-08-03 19:21:52 Worker[Monitor]:can not get master status
2014-08-03 19:22:52 Worker[Monitor]:can not get master status
2014-08-03 19:23:52 Worker[Monitor]:can not get master status
2014-08-03 19:24:52 Worker[Monitor]:can not get master status
2014-08-03 19:25:52 Worker[Monitor]:can not get master status
2014-08-03 19:26:52 Worker[Monitor]:can not get master status
2014-08-03 19:27:52 Worker[Monitor]:can not get master status
2014-08-03 19:28:52 Worker[Monitor]:can not get master status
2014-08-03 19:29:52 Worker[Monitor]:can not get master status
2014-08-03 19:30:52 Worker[Monitor]:can not get master status
2014-08-03 19:31:52 Worker[Monitor]:can not get master status
2014-08-03 19:32:52 Worker[Monitor]:can not get master status
2014-08-03 19:33:52 Worker[Monitor]:can not get master status
2014-08-03 19:34:52 Worker[Monitor]:can not get master status
2014-08-03 19:35:52 Worker[Monitor]:can not get master status
2014-08-03 19:36:52 Worker[Monitor]:can not get master status
2014-08-03 19:37:52 Worker[Monitor]:can not get master status
2014-08-03 19:38:52 Worker[Monitor]:can not get master status
2014-08-03 19:39:52 Worker[Monitor]:can not get master status
2014-08-03 19:40:52 Worker[Monitor]:can not get master status
2014-08-03 19:41:52 Worker[Monitor]:can not get master status
2014-08-03 19:42:52 Worker[Monitor]:can not get master status
2014-08-03 19:43:52 Worker[Monitor]:can not get master status
2014-08-03 19:44:52 Worker[Monitor]:can not get master status
2014-08-03 19:45:52 Worker[Monitor]:can not get master status
2014-08-03 19:46:52 Worker[Monitor]:can not get master status
2014-08-03 19:47:52 Worker[Monitor]:can not get master status
2014-08-03 19:48:52 Worker[Monitor]:can not get master status
2014-08-03 19:49:52 Worker[Monitor]:can not get master status
2014-08-03 19:50:52 Worker[Monitor]:can not get master status
2014-08-03 19:51:52 Worker[Monitor]:can not get master status
2014-08-03 19:52:52 Worker[Monitor]:can not get master status
2014-08-03 19:53:52 Worker[Monitor]:can not get master status
2014-08-03 19:54:52 Worker[Monitor]:can not get master status
2014-08-03 19:55:52 Worker[Monitor]:can not get master status
2014-08-03 19:56:52 Worker[Monitor]:can not get master status
2014-08-03 19:57:52 Worker[Monitor]:can not get master status
2014-08-03 19:58:52 Worker[Monitor]:can not get master status
2014-08-03 19:59:52 Worker[Monitor]:can not get master status
2014-08-03 20:00:52 Worker[Monitor]:can not get master status
2014-08-03 20:01:52 Worker[Monitor]:can not get master status
2014-08-03 20:02:52 Worker[Monitor]:can not get master status
2014-08-03 20:03:52 Worker[Monitor]:can not get master status
2014-08-03 20:04:52 Worker[Monitor]:can not get master status
2014-08-03 20:05:52 Worker[Monitor]:can not get master status
2014-08-03 20:06:52 Worker[Monitor]:can not get master status
2014-08-03 20:07:52 Worker[Monitor]:can not get master status
2014-08-03 20:08:52 Worker[Monitor]:can not get master status
2014-08-03 20:09:52 Worker[Monitor]:can not get master status
2014-08-03 20:10:52 Worker[Monitor]:can not get master status
2014-08-03 20:11:52 Worker[Monitor]:can not get master status
2014-08-03 20:12:52 Worker[Monitor]:can not get master status
2014-08-03 20:13:52 Worker[Monitor]:can not get master status
2014-08-03 20:14:52 Worker[Monitor]:can not get master status
2014-08-03 20:15:52 Worker[Monitor]:can not get master status
2014-08-03 20:16:52 Worker[Monitor]:can not get master status
2014-08-03 20:17:52 Worker[Monitor]:can not get master status
2014-08-03 20:18:52 Worker[Monitor]:can not get master status
2014-08-03 20:19:52 Worker[Monitor]:can not get master status
2014-08-03 20:20:52 Worker[Monitor]:can not get master status
2014-08-03 20:21:52 Worker[Monitor]:can not get master status
2014-08-03 20:22:52 Worker[Monitor]:can not get master status
2014-08-03 20:23:52 Worker[Monitor]:can not get master status
2014-08-03 20:24:52 Worker[Monitor]:can not get master status
2014-08-03 20:25:52 Worker[Monitor]:can not get master status
2014-08-03 20:26:52 Worker[Monitor]:can not get master status
2014-08-03 20:27:52 Worker[Monitor]:can not get master status
2014-08-03 20:28:52 Worker[Monitor]:can not get master status
2014-08-03 20:29:52 Worker[Monitor]:can not get master status
2014-08-03 20:30:52 Worker[Monitor]:can not get master status
2014-08-03 20:31:52 Worker[Monitor]:can not get master status
2014-08-03 20:32:52 Worker[Monitor]:can not get master status
2014-08-03 20:33:52 Worker[Monitor]:can not get master status
2014-08-03 20:34:52 Worker[Monitor]:can not get master status
2014-08-03 20:35:52 Worker[Monitor]:can not get master status
2014-08-03 20:36:52 Worker[Monitor]:can not get master status
2014-08-03 20:37:52 Worker[Monitor]:can not get master status
2014-08-03 20:38:52 Worker[Monitor]:can not get master status
2014-08-03 20:39:52 Worker[Monitor]:can not get master status
2014-08-03 20:40:52 Worker[Monitor]:can not get master status
2014-08-03 20:41:52 Worker[Monitor]:can not get master status
2014-08-03 20:42:52 Worker[Monitor]:can not get master status
2014-08-03 20:43:52 Worker[Monitor]:can not get master status
2014-08-03 20:44:52 Worker[Monitor]:can not get master status
2014-08-03 20:45:52 Worker[Monitor]:can not get master status
2014-08-03 20:46:52 Worker[Monitor]:can not get master status
2014-08-03 20:47:52 Worker[Monitor]:can not get master status
2014-08-03 20:48:52 Worker[Monitor]:can not get master status
2014-08-03 20:49:52 Worker[Monitor]:can not get master status
2014-08-03 20:50:52 Worker[Monitor]:can not get master status
2014-08-03 20:51:52 Worker[Monitor]:can not get master status
2014-08-03 20:52:52 Worker[Monitor]:can not get master status
2014-08-03 20:53:52 Worker[Monitor]:can not get master status
2014-08-03 20:54:52 Worker[Monitor]:can not get master status
2014-08-03 20:55:52 Worker[Monitor]:can not get master status
2014-08-03 20:56:52 Worker[Monitor]:can not get master status
2014-08-03 20:57:52 Worker[Monitor]:can not get master status
2014-08-03 20:58:52 Worker[Monitor]:can not get master status
2014-08-03 20:59:52 Worker[Monitor]:can not get master status
2014-08-03 21:00:52 Worker[Monitor]:can not get master status
2014-08-03 21:01:52 Worker[Monitor]:can not get master status
2014-08-03 21:02:52 Worker[Monitor]:can not get master status
2014-08-03 21:03:52 Worker[Monitor]:can not get master status
2014-08-03 21:04:52 Worker[Monitor]:can not get master status
2014-08-03 21:05:52 Worker[Monitor]:can not get master status
2014-08-03 21:06:52 Worker[Monitor]:can not get master status
2014-08-03 21:07:52 Worker[Monitor]:can not get master status
2014-08-03 21:08:52 Worker[Monitor]:can not get master status
2014-08-03 21:09:52 Worker[Monitor]:can not get master status
2014-08-03 21:10:52 Worker[Monitor]:can not get master status
2014-08-03 21:11:52 Worker[Monitor]:can not get master status
2014-08-03 21:12:52 Worker[Monitor]:can not get master status
2014-08-03 21:13:52 Worker[Monitor]:can not get master status
2014-08-03 21:14:52 Worker[Monitor]:can not get master status
2014-08-03 21:15:52 Worker[Monitor]:can not get master status
2014-08-03 21:16:52 Worker[Monitor]:can not get master status
2014-08-03 21:17:52 Worker[Monitor]:can not get master status
2014-08-03 21:18:14 Worker[WebServer]:CLIENT_CLOSE
CLIENT_IP:123.186.179.179
BUFFER:['GET /atlas0.png HTTP/1.1
Host: 82flex.com:8484
Connection: keep-alive
Referer: http://82flex.com:8484/
Cache-Control: max-age=0
Accept: */*
x-wap-profile: http://wap1.huawei.com/uaprof/HUAWEI_H30-T10_UAProfile.xml
X-Requested-With: com.android.browser
User-Agent: Mozilla/5.0 (Linux; U; Android 4.2.2; zh-cn; H30-T10 Build/HuaweiH30-T10) AppleWebKit/534.30 (KHTML, like Gecko) Version/4.0 Mobile Safari/534.30
Accept-Encoding: gzip,deflate
Accept-Language: zh-CN, en-US
Accept-Charset: utf-8, utf-16, *;q=0.7

']

2014-08-03 21:18:52 Worker[Monitor]:can not get master status
2014-08-03 21:19:52 Worker[Monitor]:can not get master status
2014-08-03 21:20:52 Worker[Monitor]:can not get master status
2014-08-03 21:21:52 Worker[Monitor]:can not get master status
2014-08-03 21:22:52 Worker[Monitor]:can not get master status
2014-08-03 21:23:52 Worker[Monitor]:can not get master status
2014-08-03 21:24:52 Worker[Monitor]:can not get master status
2014-08-03 21:25:52 Worker[Monitor]:can not get master status
2014-08-03 21:26:52 Worker[Monitor]:can not get master status
2014-08-03 21:27:52 Worker[Monitor]:can not get master status
2014-08-03 21:28:52 Worker[Monitor]:can not get master status
2014-08-03 21:29:52 Worker[Monitor]:can not get master status
2014-08-03 21:30:52 Worker[Monitor]:can not get master status
2014-08-03 21:31:52 Worker[Monitor]:can not get master status
2014-08-03 21:32:52 Worker[Monitor]:can not get master status
2014-08-03 21:33:52 Worker[Monitor]:can not get master status
2014-08-03 21:34:52 Worker[Monitor]:can not get master status
2014-08-03 21:35:52 Worker[Monitor]:can not get master status
2014-08-03 21:36:52 Worker[Monitor]:can not get master status
2014-08-03 21:37:52 Worker[Monitor]:can not get master status
2014-08-03 21:38:52 Worker[Monitor]:can not get master status
2014-08-03 21:39:52 Worker[Monitor]:can not get master status
2014-08-03 21:40:52 Worker[Monitor]:can not get master status
2014-08-03 21:41:52 Worker[Monitor]:can not get master status
2014-08-03 21:42:52 Worker[Monitor]:can not get master status
2014-08-03 21:43:52 Worker[Monitor]:can not get master status
2014-08-03 21:44:52 Worker[Monitor]:can not get master status
2014-08-03 21:45:52 Worker[Monitor]:can not get master status
2014-08-03 21:46:52 Worker[Monitor]:can not get master status
2014-08-03 21:47:52 Worker[Monitor]:can not get master status
2014-08-03 21:48:52 Worker[Monitor]:can not get master status
2014-08-03 21:49:52 Worker[Monitor]:can not get master status
2014-08-03 21:50:52 Worker[Monitor]:can not get master status
2014-08-03 21:51:52 Worker[Monitor]:can not get master status
2014-08-03 21:52:52 Worker[Monitor]:can not get master status
2014-08-03 21:53:52 Worker[Monitor]:can not get master status
2014-08-03 21:54:52 Worker[Monitor]:can not get master status
2014-08-03 21:55:52 Worker[Monitor]:can not get master status
2014-08-03 21:56:52 Worker[Monitor]:can not get master status
2014-08-03 21:57:52 Worker[Monitor]:can not get master status
2014-08-03 21:58:52 Worker[Monitor]:can not get master status
2014-08-03 21:59:52 Worker[Monitor]:can not get master status
2014-08-03 22:00:52 Worker[Monitor]:can not get master status
2014-08-03 22:01:52 Worker[Monitor]:can not get master status
2014-08-03 22:02:52 Worker[Monitor]:can not get master status
2014-08-03 22:03:52 Worker[Monitor]:can not get master status
2014-08-03 22:04:52 Worker[Monitor]:can not get master status
2014-08-03 22:05:52 Worker[Monitor]:can not get master status
2014-08-03 22:06:52 Worker[Monitor]:can not get master status
2014-08-03 22:07:52 Worker[Monitor]:can not get master status
2014-08-03 22:08:52 Worker[Monitor]:can not get master status
2014-08-03 22:09:52 Worker[Monitor]:can not get master status
2014-08-03 22:10:52 Worker[Monitor]:can not get master status
2014-08-03 22:11:52 Worker[Monitor]:can not get master status
2014-08-03 22:12:52 Worker[Monitor]:can not get master status
2014-08-03 22:13:52 Worker[Monitor]:can not get master status
2014-08-03 22:14:52 Worker[Monitor]:can not get master status
2014-08-03 22:15:52 Worker[Monitor]:can not get master status
2014-08-03 22:16:52 Worker[Monitor]:can not get master status
2014-08-03 22:17:52 Worker[Monitor]:can not get master status
2014-08-03 22:18:52 Worker[Monitor]:can not get master status
2014-08-03 22:19:52 Worker[Monitor]:can not get master status
2014-08-03 22:20:52 Worker[Monitor]:can not get master status
2014-08-03 22:21:52 Worker[Monitor]:can not get master status
2014-08-03 22:22:52 Worker[Monitor]:can not get master status
2014-08-03 22:23:52 Worker[Monitor]:can not get master status
2014-08-03 22:24:52 Worker[Monitor]:can not get master status
2014-08-03 22:25:52 Worker[Monitor]:can not get master status
2014-08-03 22:26:52 Worker[Monitor]:can not get master status
2014-08-03 22:27:52 Worker[Monitor]:can not get master status
2014-08-03 22:28:52 Worker[Monitor]:can not get master status
2014-08-03 22:29:52 Worker[Monitor]:can not get master status
2014-08-03 22:30:52 Worker[Monitor]:can not get master status
2014-08-03 22:31:52 Worker[Monitor]:can not get master status
2014-08-03 22:32:52 Worker[Monitor]:can not get master status
2014-08-03 22:33:52 Worker[Monitor]:can not get master status
2014-08-03 22:34:52 Worker[Monitor]:can not get master status
2014-08-03 22:35:52 Worker[Monitor]:can not get master status
2014-08-03 22:36:52 Worker[Monitor]:can not get master status
2014-08-03 22:37:52 Worker[Monitor]:can not get master status
2014-08-03 22:38:52 Worker[Monitor]:can not get master status
2014-08-03 22:39:52 Worker[Monitor]:can not get master status
2014-08-03 22:40:52 Worker[Monitor]:can not get master status
2014-08-03 22:41:52 Worker[Monitor]:can not get master status
2014-08-03 22:42:52 Worker[Monitor]:can not get master status
2014-08-03 22:43:52 Worker[Monitor]:can not get master status
2014-08-03 22:44:52 Worker[Monitor]:can not get master status
2014-08-03 22:45:52 Worker[Monitor]:can not get master status
2014-08-03 22:46:52 Worker[Monitor]:can not get master status
2014-08-03 22:47:52 Worker[Monitor]:can not get master status
2014-08-03 22:48:52 Worker[Monitor]:can not get master status
2014-08-03 22:49:52 Worker[Monitor]:can not get master status
2014-08-03 22:50:52 Worker[Monitor]:can not get master status
2014-08-03 22:51:52 Worker[Monitor]:can not get master status
2014-08-03 22:52:52 Worker[Monitor]:can not get master status
2014-08-03 22:53:52 Worker[Monitor]:can not get master status
2014-08-03 22:54:52 Worker[Monitor]:can not get master status
2014-08-03 22:55:52 Worker[Monitor]:can not get master status
2014-08-03 22:56:52 Worker[Monitor]:can not get master status
2014-08-03 22:57:52 Worker[Monitor]:can not get master status
2014-08-03 22:58:52 Worker[Monitor]:can not get master status
2014-08-03 22:59:52 Worker[Monitor]:can not get master status
2014-08-03 23:00:52 Worker[Monitor]:can not get master status
2014-08-03 23:01:52 Worker[Monitor]:can not get master status
2014-08-03 23:02:52 Worker[Monitor]:can not get master status
2014-08-03 23:03:52 Worker[Monitor]:can not get master status
2014-08-03 23:04:52 Worker[Monitor]:can not get master status
2014-08-03 23:05:52 Worker[Monitor]:can not get master status
2014-08-03 23:06:52 Worker[Monitor]:can not get master status
2014-08-03 23:07:52 Worker[Monitor]:can not get master status
2014-08-03 23:08:52 Worker[Monitor]:can not get master status
2014-08-03 23:09:52 Worker[Monitor]:can not get master status
2014-08-03 23:10:52 Worker[Monitor]:can not get master status
2014-08-03 23:11:52 Worker[Monitor]:can not get master status
2014-08-03 23:12:52 Worker[Monitor]:can not get master status
2014-08-03 23:13:52 Worker[Monitor]:can not get master status
2014-08-03 23:14:52 Worker[Monitor]:can not get master status
2014-08-03 23:15:52 Worker[Monitor]:can not get master status
2014-08-03 23:16:52 Worker[Monitor]:can not get master status
2014-08-03 23:17:52 Worker[Monitor]:can not get master status
2014-08-03 23:18:52 Worker[Monitor]:can not get master status
2014-08-03 23:19:52 Worker[Monitor]:can not get master status
2014-08-03 23:20:52 Worker[Monitor]:can not get master status
2014-08-03 23:21:52 Worker[Monitor]:can not get master status
2014-08-03 23:22:52 Worker[Monitor]:can not get master status
2014-08-03 23:23:52 Worker[Monitor]:can not get master status
2014-08-03 23:24:52 Worker[Monitor]:can not get master status
2014-08-03 23:25:52 Worker[Monitor]:can not get master status
2014-08-03 23:26:52 Worker[Monitor]:can not get master status
2014-08-03 23:27:52 Worker[Monitor]:can not get master status
2014-08-03 23:28:52 Worker[Monitor]:can not get master status
2014-08-03 23:29:52 Worker[Monitor]:can not get master status
2014-08-03 23:30:52 Worker[Monitor]:can not get master status
2014-08-03 23:31:52 Worker[Monitor]:can not get master status
2014-08-03 23:32:52 Worker[Monitor]:can not get master status
2014-08-03 23:33:52 Worker[Monitor]:can not get master status
2014-08-03 23:34:52 Worker[Monitor]:can not get master status
2014-08-03 23:35:52 Worker[Monitor]:can not get master status
2014-08-03 23:36:52 Worker[Monitor]:can not get master status
2014-08-03 23:37:52 Worker[Monitor]:can not get master status
2014-08-03 23:38:52 Worker[Monitor]:can not get master status
2014-08-03 23:39:52 Worker[Monitor]:can not get master status
2014-08-03 23:40:52 Worker[Monitor]:can not get master status
2014-08-03 23:41:52 Worker[Monitor]:can not get master status
2014-08-03 23:42:52 Worker[Monitor]:can not get master status
2014-08-03 23:43:52 Worker[Monitor]:can not get master status
2014-08-03 23:44:52 Worker[Monitor]:can not get master status
2014-08-03 23:45:52 Worker[Monitor]:can not get master status
2014-08-03 23:46:52 Worker[Monitor]:can not get master status
2014-08-03 23:47:52 Worker[Monitor]:can not get master status
2014-08-03 23:48:52 Worker[Monitor]:can not get master status
2014-08-03 23:49:52 Worker[Monitor]:can not get master status
2014-08-03 23:50:52 Worker[Monitor]:can not get master status
2014-08-03 23:51:52 Worker[Monitor]:can not get master status
2014-08-03 23:52:52 Worker[Monitor]:can not get master status
2014-08-03 23:53:52 Worker[Monitor]:can not get master status
2014-08-03 23:54:52 Worker[Monitor]:can not get master status
2014-08-03 23:55:52 Worker[Monitor]:can not get master status
2014-08-03 23:56:52 Worker[Monitor]:can not get master status
2014-08-03 23:57:52 Worker[Monitor]:can not get master status
2014-08-03 23:58:52 Worker[Monitor]:can not get master status
2014-08-03 23:59:52 Worker[Monitor]:can not get master status
